<?xml version="1.0" encoding="UTF-8"?>
<!-- Generated by org.testng.reporters.JUnitXMLReporter -->
<testsuite ignored="0" hostname="LAPTOP-G6M68RDN" failures="1" tests="2" name="Test" time="7.088" errors="0" timestamp="2024-11-15T21:12:20 IST">
  <testcase classname="testCases.TC_01_AccountRegistrationTest" name="verify_AccountRegister" time="1.541">
    <failure type="java.lang.AssertionError" message="expected [Your Account Has Been Created!!] but found [Your Account Has Been Created!]">
      <![CDATA[java.lang.AssertionError: expected [Your Account Has Been Created!!] but found [Your Account Has Been Created!]
at testCases.TC_01_AccountRegistrationTest.verify_AccountRegister(TC_01_AccountRegistrationTest.java:44)
at java.base/java.util.ArrayList.forEach(ArrayList.java:1511)
... Removed 33 stack frames]]>
    </failure>
  </testcase> <!-- verify_AccountRegister -->
  <testcase classname="testCases.TC_02_LoginTest" name="verify_Login" time="1.059"/>
</testsuite> <!-- Test -->
