<?xml version="1.0" encoding="UTF-8"?>
<testng-results ignored="0" total="1" passed="1" failed="0" skipped="0">
  <reporter-output>
  </reporter-output>
  <suite started-at="2026-02-05T13:21:59 IST" name="Default suite" finished-at="2026-02-05T13:22:13 IST" duration-ms="14089">
    <groups>
      <group name="Master">
        <method signature="TC_01_AccountRegistrationTest.verify_AccountRegister()[pri:0, instance:testCases.TC_01_AccountRegistrationTest@23c30a20]" name="verify_AccountRegister" class="testCases.TC_01_AccountRegistrationTest"/>
      </group> <!-- Master -->
      <group name="Regression">
        <method signature="TC_01_AccountRegistrationTest.verify_AccountRegister()[pri:0, instance:testCases.TC_01_AccountRegistrationTest@23c30a20]" name="verify_AccountRegister" class="testCases.TC_01_AccountRegistrationTest"/>
      </group> <!-- Regression -->
    </groups>
    <test started-at="2026-02-05T13:21:59 IST" name="Default test" finished-at="2026-02-05T13:22:13 IST" duration-ms="14089">
      <class name="testCases.TC_01_AccountRegistrationTest">
        <test-method is-config="true" signature="setUp(java.lang.String)[pri:0, instance:testCases.TC_01_AccountRegistrationTest@23c30a20]" started-at="2026-02-05T13:21:59 IST" name="setUp" finished-at="2026-02-05T13:22:09 IST" duration-ms="10322" status="PASS">
          <params>
            <param index="0">
              <value>
                <![CDATA[chrome]]>
              </value>
            </param>
          </params>
          <reporter-output>
          </reporter-output>
        </test-method> <!-- setUp -->
        <test-method signature="verify_AccountRegister()[pri:0, instance:testCases.TC_01_AccountRegistrationTest@23c30a20]" started-at="2026-02-05T13:22:09 IST" name="verify_AccountRegister" finished-at="2026-02-05T13:22:12 IST" duration-ms="2866" status="PASS">
          <reporter-output>
          </reporter-output>
        </test-method> <!-- verify_AccountRegister -->
        <test-method is-config="true" signature="tearDown()[pri:0, instance:testCases.TC_01_AccountRegistrationTest@23c30a20]" started-at="2026-02-05T13:22:12 IST" name="tearDown" finished-at="2026-02-05T13:22:13 IST" duration-ms="825" status="PASS">
          <reporter-output>
          </reporter-output>
        </test-method> <!-- tearDown -->
      </class> <!-- testCases.TC_01_AccountRegistrationTest -->
    </test> <!-- Default test -->
  </suite> <!-- Default suite -->
</testng-results>
