<?xml version="1.0" encoding="UTF-8"?>
<testng-results ignored="0" total="1" passed="1" failed="0" skipped="0">
  <reporter-output>
  </reporter-output>
  <suite started-at="2024-11-15T21:17:17 IST" name="Failed suite [Suite]" finished-at="2024-11-15T21:17:22 IST" duration-ms="4514">
    <groups>
      <group name="Master">
        <method signature="TC_01_AccountRegistrationTest.verify_AccountRegister()[pri:0, instance:testCases.TC_01_AccountRegistrationTest@1b11171f]" name="verify_AccountRegister" class="testCases.TC_01_AccountRegistrationTest"/>
      </group> <!-- Master -->
      <group name="Regression">
        <method signature="TC_01_AccountRegistrationTest.verify_AccountRegister()[pri:0, instance:testCases.TC_01_AccountRegistrationTest@1b11171f]" name="verify_AccountRegister" class="testCases.TC_01_AccountRegistrationTest"/>
      </group> <!-- Regression -->
    </groups>
    <test started-at="2024-11-15T21:17:17 IST" name="Test(failed)" finished-at="2024-11-15T21:17:22 IST" duration-ms="4514">
      <class name="testCases.TC_01_AccountRegistrationTest">
        <test-method is-config="true" signature="setUp(java.lang.String)[pri:0, instance:testCases.TC_01_AccountRegistrationTest@1b11171f]" started-at="2024-11-15T21:17:17 IST" name="setUp" finished-at="2024-11-15T21:17:20 IST" duration-ms="2604" status="PASS">
          <params>
            <param index="0">
              <value>
                <![CDATA[chrome]]>
              </value>
            </param>
          </params>
          <reporter-output>
          </reporter-output>
        </test-method> <!-- setUp -->
        <test-method signature="verify_AccountRegister()[pri:0, instance:testCases.TC_01_AccountRegistrationTest@1b11171f]" started-at="2024-11-15T21:17:20 IST" name="verify_AccountRegister" finished-at="2024-11-15T21:17:21 IST" duration-ms="1525" status="PASS">
          <reporter-output>
          </reporter-output>
        </test-method> <!-- verify_AccountRegister -->
        <test-method is-config="true" signature="tearDown()[pri:0, instance:testCases.TC_01_AccountRegistrationTest@1b11171f]" started-at="2024-11-15T21:17:21 IST" name="tearDown" finished-at="2024-11-15T21:17:22 IST" duration-ms="158" status="PASS">
          <reporter-output>
          </reporter-output>
        </test-method> <!-- tearDown -->
      </class> <!-- testCases.TC_01_AccountRegistrationTest -->
    </test> <!-- Test(failed) -->
  </suite> <!-- Failed suite [Suite] -->
</testng-results>
